<html>
<head>
<title>TestNG:  TestFirefox</title>
<link href="../testng.css" rel="stylesheet" type="text/css" />
<link href="../my-testng.css" rel="stylesheet" type="text/css" />

<style type="text/css">
.log { display: none;} 
.stack-trace { display: none;} 
</style>
<script type="text/javascript">
<!--
function flip(e) {
  current = e.style.display;
  if (current == 'block') {
    e.style.display = 'none';
    return 0;
  }
  else {
    e.style.display = 'block';
    return 1;
  }
}

function toggleBox(szDivId, elem, msg1, msg2)
{
  var res = -1;  if (document.getElementById) {
    res = flip(document.getElementById(szDivId));
  }
  else if (document.all) {
    // this is the way old msie versions work
    res = flip(document.all[szDivId]);
  }
  if(elem) {
    if(res == 0) elem.innerHTML = msg1; else elem.innerHTML = msg2;
  }

}

function toggleAllBoxes() {
  if (document.getElementsByTagName) {
    d = document.getElementsByTagName('div');
    for (i = 0; i < d.length; i++) {
      if (d[i].className == 'log') {
        flip(d[i]);
      }
    }
  }
}

// -->
</script>

</head>
<body>
<h2 align='center'>TestFirefox</h2><table border='1' align="center">
<tr>
<td>Tests passed/Failed/Skipped:</td><td>61/10/0</td>
</tr><tr>
<td>Started on:</td><td>Mon May 13 21:49:07 EDT 2024</td>
</tr>
<tr><td>Total time:</td><td>965 seconds (965412 ms)</td>
</tr><tr>
<td>Included groups:</td><td></td>
</tr><tr>
<td>Excluded groups:</td><td></td>
</tr>
</table><p/>
<small><i>(Hover the method name to see the test class name)</i></small><p/>
<table width='100%' border='1' class='invocation-failed'>
<tr><td colspan='4' align='center'><b>FAILED TESTS</b></td></tr>
<tr><td><b>Test method</b></td>
<td><b>Attribute(s)</b></td>
<td width="30%"><b>Exception</b></td>
<td width="10%"><b>Time (seconds)</b></td>
<td><b>Instance</b></td>
</tr>
<tr>
<td title='dsAlgoRunner.Runner_Test.runScenario()'><b>runScenario</b><br>Test class: dsAlgoRunner.Runner_Test<br>Test method: Runs Cucumber Scenarios<br>Parameters: "The user clicks the Topic links  from Tree DataStructure and runs the invalid python code", "F3 The signedin user selects the Tree datastructure module and access the page"</td>
<td><div><pre>org.openqa.selenium.TimeoutException: Expected condition failed: waiting for alert to be present (tried for 10 second(s) with 500 milliseconds interval)
Build info: version: &apos;4.16.1&apos;, revision: &apos;9b4c83354e&apos;
System info: os.name: &apos;Windows 10&apos;, os.arch: &apos;amd64&apos;, os.version: &apos;10.0&apos;, java.version: &apos;21.0.2&apos;
Driver info: org.openqa.selenium.firefox.FirefoxDriver
Capabilities {acceptInsecureCerts: true, browserName: firefox, browserVersion: 125.0.3, moz:accessibilityChecks: false, moz:buildID: 20240425211020, moz:debuggerAddress: 127.0.0.1:21216, moz:geckodriverVersion: 0.34.0, moz:headless: true, moz:platformVersion: 10.0, moz:processID: 47508, moz:profile: C:\Users\gayathri\AppData\L..., moz:shutdownTimeout: 60000, moz:webdriverClick: true, moz:windowless: false, pageLoadStrategy: normal, platformName: windows, proxy: Proxy(), se:cdp: ws://127.0.0.1:21216/devtoo..., se:cdpVersion: 85.0, setWindowRect: true, strictFileInteractability: false, timeouts: {implicit: 0, pageLoad: 300000, script: 30000}, unhandledPromptBehavior: dismiss and notify, userAgent: Mozilla/5.0 (Windows NT 10....}
Session ID: c3f84eb9-7e70-4dc4-a196-17b9236cba6a
	at org.openqa.selenium.support.ui.WebDriverWait.timeoutException(WebDriverWait.java:84)
	at org.openqa.selenium.support.ui.FluentWait.until(FluentWait.java:229)
	at dsalgoPOM.TreePage.getAlertMsg(TreePage.java:83)
	at dsalgo_stepdefinition.DSTreeStepDefinition.the_user_should_be_able_to_see_a_alertbox_syntaxerror_for_the_tree_page(DSTreeStepDefinition.java:85)
	at ✽.the user should be able to see a alertbox syntaxerror for the tree page(file:///C:/Users/gayathri/eclipse-workspace/ProjectDS/DSAlgoProject/src/test/resources/Features/Tree.feature:44)
</pre></div><a href='#' onClick='toggleBox("stack-trace2123558994", this, "Click to show all stack frames", "Click to hide stack frames")'>Click to show all stack frames</a>
<div class='stack-trace' id='stack-trace2123558994'><pre>org.openqa.selenium.TimeoutException: Expected condition failed: waiting for alert to be present (tried for 10 second(s) with 500 milliseconds interval)
Build info: version: &apos;4.16.1&apos;, revision: &apos;9b4c83354e&apos;
System info: os.name: &apos;Windows 10&apos;, os.arch: &apos;amd64&apos;, os.version: &apos;10.0&apos;, java.version: &apos;21.0.2&apos;
Driver info: org.openqa.selenium.firefox.FirefoxDriver
Capabilities {acceptInsecureCerts: true, browserName: firefox, browserVersion: 125.0.3, moz:accessibilityChecks: false, moz:buildID: 20240425211020, moz:debuggerAddress: 127.0.0.1:21216, moz:geckodriverVersion: 0.34.0, moz:headless: true, moz:platformVersion: 10.0, moz:processID: 47508, moz:profile: C:\Users\gayathri\AppData\L..., moz:shutdownTimeout: 60000, moz:webdriverClick: true, moz:windowless: false, pageLoadStrategy: normal, platformName: windows, proxy: Proxy(), se:cdp: ws://127.0.0.1:21216/devtoo..., se:cdpVersion: 85.0, setWindowRect: true, strictFileInteractability: false, timeouts: {implicit: 0, pageLoad: 300000, script: 30000}, unhandledPromptBehavior: dismiss and notify, userAgent: Mozilla/5.0 (Windows NT 10....}
Session ID: c3f84eb9-7e70-4dc4-a196-17b9236cba6a
	at org.openqa.selenium.support.ui.WebDriverWait.timeoutException(WebDriverWait.java:84)
	at org.openqa.selenium.support.ui.FluentWait.until(FluentWait.java:229)
	at dsalgoPOM.TreePage.getAlertMsg(TreePage.java:83)
	at dsalgo_stepdefinition.DSTreeStepDefinition.the_user_should_be_able_to_see_a_alertbox_syntaxerror_for_the_tree_page(DSTreeStepDefinition.java:85)
	at ✽.the user should be able to see a alertbox syntaxerror for the tree page(file:///C:/Users/gayathri/eclipse-workspace/ProjectDS/DSAlgoProject/src/test/resources/Features/Tree.feature:44)
</pre></div></td>
<td>122</td>
<td>dsAlgoRunner.Runner_Test@47c81abf</td></tr>
<tr>
<td title='dsAlgoRunner.Runner_Test.runScenario()'><b>runScenario</b><br>Test class: dsAlgoRunner.Runner_Test<br>Test method: Runs Cucumber Scenarios<br>Parameters: "The user clicks the Graph topic links and runs the  python code", "F6 As a user I want to navigate to the Graph home page"</td>
<td><div><pre>java.lang.AssertionError: expected [hello] but found []
	at dsalgo_stepdefinition.Graph_stepdefinition.the_user_should_be_able_to_see_the_output_on_the_console_for_the_valid_input_data_for_the_graph_datastructure(Graph_stepdefinition.java:72)
	at ✽.the user should be able to see the output on the console for the valid  input data for the graph datastructure(file:///C:/Users/gayathri/eclipse-workspace/ProjectDS/DSAlgoProject/src/test/resources/Features/Graph.feature:19)
... Removed 6 stack frames</pre></div><a href='#' onClick='toggleBox("stack-trace688975793", this, "Click to show all stack frames", "Click to hide stack frames")'>Click to show all stack frames</a>
<div class='stack-trace' id='stack-trace688975793'><pre>java.lang.AssertionError: expected [hello] but found []
	at org.testng.Assert.fail(Assert.java:111)
	at org.testng.Assert.failNotEquals(Assert.java:1578)
	at org.testng.Assert.assertEqualsImpl(Assert.java:150)
	at org.testng.Assert.assertEquals(Assert.java:132)
	at org.testng.Assert.assertEquals(Assert.java:656)
	at org.testng.Assert.assertEquals(Assert.java:666)
	at dsalgo_stepdefinition.Graph_stepdefinition.the_user_should_be_able_to_see_the_output_on_the_console_for_the_valid_input_data_for_the_graph_datastructure(Graph_stepdefinition.java:72)
	at ✽.the user should be able to see the output on the console for the valid  input data for the graph datastructure(file:///C:/Users/gayathri/eclipse-workspace/ProjectDS/DSAlgoProject/src/test/resources/Features/Graph.feature:19)
</pre></div></td>
<td>126</td>
<td>dsAlgoRunner.Runner_Test@47c81abf</td></tr>
<tr>
<td title='dsAlgoRunner.Runner_Test.runScenario()'><b>runScenario</b><br>Test class: dsAlgoRunner.Runner_Test<br>Test method: Runs Cucumber Scenarios<br>Parameters: "The user clicks the Linked List topic links and runs the  python code", "F2 As a user I want to navigate to the Linked List home page"</td>
<td><div><pre>java.lang.AssertionError: expected [hello] but found []
	at dsalgo_stepdefinition.LinkedList_stepdefination.the_user_should_be_able_to_see_the_output_on_the_console_for_the_valid_input_data_for_the_linked_list_datastructure(LinkedList_stepdefination.java:92)
	at ✽.The user should be able to see the output on the console for the valid  input data for the linked list datastructure(file:///C:/Users/gayathri/eclipse-workspace/ProjectDS/DSAlgoProject/src/test/resources/Features/Linked_List.feature:21)
... Removed 6 stack frames</pre></div><a href='#' onClick='toggleBox("stack-trace1165041042", this, "Click to show all stack frames", "Click to hide stack frames")'>Click to show all stack frames</a>
<div class='stack-trace' id='stack-trace1165041042'><pre>java.lang.AssertionError: expected [hello] but found []
	at org.testng.Assert.fail(Assert.java:111)
	at org.testng.Assert.failNotEquals(Assert.java:1578)
	at org.testng.Assert.assertEqualsImpl(Assert.java:150)
	at org.testng.Assert.assertEquals(Assert.java:132)
	at org.testng.Assert.assertEquals(Assert.java:656)
	at org.testng.Assert.assertEquals(Assert.java:666)
	at dsalgo_stepdefinition.LinkedList_stepdefination.the_user_should_be_able_to_see_the_output_on_the_console_for_the_valid_input_data_for_the_linked_list_datastructure(LinkedList_stepdefination.java:92)
	at ✽.The user should be able to see the output on the console for the valid  input data for the linked list datastructure(file:///C:/Users/gayathri/eclipse-workspace/ProjectDS/DSAlgoProject/src/test/resources/Features/Linked_List.feature:21)
</pre></div></td>
<td>135</td>
<td>dsAlgoRunner.Runner_Test@47c81abf</td></tr>
<tr>
<td title='dsAlgoRunner.Runner_Test.runScenario()'><b>runScenario</b><br>Test class: dsAlgoRunner.Runner_Test<br>Test method: Runs Cucumber Scenarios<br>Parameters: "The user clicks the Linked List topic links and runs the  invalid python code", "F2 As a user I want to navigate to the Linked List home page"</td>
<td><div><pre>org.openqa.selenium.TimeoutException: Expected condition failed: waiting for alert to be present (tried for 10 second(s) with 500 milliseconds interval)
Build info: version: &apos;4.16.1&apos;, revision: &apos;9b4c83354e&apos;
System info: os.name: &apos;Windows 10&apos;, os.arch: &apos;amd64&apos;, os.version: &apos;10.0&apos;, java.version: &apos;21.0.2&apos;
Driver info: org.openqa.selenium.firefox.FirefoxDriver
Capabilities {acceptInsecureCerts: true, browserName: firefox, browserVersion: 125.0.3, moz:accessibilityChecks: false, moz:buildID: 20240425211020, moz:debuggerAddress: 127.0.0.1:41386, moz:geckodriverVersion: 0.34.0, moz:headless: true, moz:platformVersion: 10.0, moz:processID: 56516, moz:profile: C:\Users\gayathri\AppData\L..., moz:shutdownTimeout: 60000, moz:webdriverClick: true, moz:windowless: false, pageLoadStrategy: normal, platformName: windows, proxy: Proxy(), se:cdp: ws://127.0.0.1:41386/devtoo..., se:cdpVersion: 85.0, setWindowRect: true, strictFileInteractability: false, timeouts: {implicit: 0, pageLoad: 300000, script: 30000}, unhandledPromptBehavior: dismiss and notify, userAgent: Mozilla/5.0 (Windows NT 10....}
Session ID: 866f55d8-1e42-428a-a257-6e178ea6ecf6
	at org.openqa.selenium.support.ui.WebDriverWait.timeoutException(WebDriverWait.java:84)
	at org.openqa.selenium.support.ui.FluentWait.until(FluentWait.java:229)
	at dsalgoPOM.LinkedListPage.getAlertMsg(LinkedListPage.java:94)
	at dsalgo_stepdefinition.LinkedList_stepdefination.the_user_should_be_able_to_see_a_alertbox_syntaxerror_for_the_linked_list_page(LinkedList_stepdefination.java:116)
	at ✽.The user should be able to see a alertbox syntaxerror for the linked list page(file:///C:/Users/gayathri/eclipse-workspace/ProjectDS/DSAlgoProject/src/test/resources/Features/Linked_List.feature:42)
</pre></div><a href='#' onClick='toggleBox("stack-trace1680691193", this, "Click to show all stack frames", "Click to hide stack frames")'>Click to show all stack frames</a>
<div class='stack-trace' id='stack-trace1680691193'><pre>org.openqa.selenium.TimeoutException: Expected condition failed: waiting for alert to be present (tried for 10 second(s) with 500 milliseconds interval)
Build info: version: &apos;4.16.1&apos;, revision: &apos;9b4c83354e&apos;
System info: os.name: &apos;Windows 10&apos;, os.arch: &apos;amd64&apos;, os.version: &apos;10.0&apos;, java.version: &apos;21.0.2&apos;
Driver info: org.openqa.selenium.firefox.FirefoxDriver
Capabilities {acceptInsecureCerts: true, browserName: firefox, browserVersion: 125.0.3, moz:accessibilityChecks: false, moz:buildID: 20240425211020, moz:debuggerAddress: 127.0.0.1:41386, moz:geckodriverVersion: 0.34.0, moz:headless: true, moz:platformVersion: 10.0, moz:processID: 56516, moz:profile: C:\Users\gayathri\AppData\L..., moz:shutdownTimeout: 60000, moz:webdriverClick: true, moz:windowless: false, pageLoadStrategy: normal, platformName: windows, proxy: Proxy(), se:cdp: ws://127.0.0.1:41386/devtoo..., se:cdpVersion: 85.0, setWindowRect: true, strictFileInteractability: false, timeouts: {implicit: 0, pageLoad: 300000, script: 30000}, unhandledPromptBehavior: dismiss and notify, userAgent: Mozilla/5.0 (Windows NT 10....}
Session ID: 866f55d8-1e42-428a-a257-6e178ea6ecf6
	at org.openqa.selenium.support.ui.WebDriverWait.timeoutException(WebDriverWait.java:84)
	at org.openqa.selenium.support.ui.FluentWait.until(FluentWait.java:229)
	at dsalgoPOM.LinkedListPage.getAlertMsg(LinkedListPage.java:94)
	at dsalgo_stepdefinition.LinkedList_stepdefination.the_user_should_be_able_to_see_a_alertbox_syntaxerror_for_the_linked_list_page(LinkedList_stepdefination.java:116)
	at ✽.The user should be able to see a alertbox syntaxerror for the linked list page(file:///C:/Users/gayathri/eclipse-workspace/ProjectDS/DSAlgoProject/src/test/resources/Features/Linked_List.feature:42)
</pre></div></td>
<td>125</td>
<td>dsAlgoRunner.Runner_Test@47c81abf</td></tr>
<tr>
<td title='dsAlgoRunner.Runner_Test.runScenario()'><b>runScenario</b><br>Test class: dsAlgoRunner.Runner_Test<br>Test method: Runs Cucumber Scenarios<br>Parameters: "The user clicks the Topic links  from Tree DataStructure and runs the invalid python code", "F3 The signedin user selects the Tree datastructure module and access the page"</td>
<td><div><pre>org.openqa.selenium.TimeoutException: Expected condition failed: waiting for alert to be present (tried for 10 second(s) with 500 milliseconds interval)
Build info: version: &apos;4.16.1&apos;, revision: &apos;9b4c83354e&apos;
System info: os.name: &apos;Windows 10&apos;, os.arch: &apos;amd64&apos;, os.version: &apos;10.0&apos;, java.version: &apos;21.0.2&apos;
Driver info: org.openqa.selenium.firefox.FirefoxDriver
Capabilities {acceptInsecureCerts: true, browserName: firefox, browserVersion: 125.0.3, moz:accessibilityChecks: false, moz:buildID: 20240425211020, moz:debuggerAddress: 127.0.0.1:17812, moz:geckodriverVersion: 0.34.0, moz:headless: true, moz:platformVersion: 10.0, moz:processID: 33292, moz:profile: C:\Users\gayathri\AppData\L..., moz:shutdownTimeout: 60000, moz:webdriverClick: true, moz:windowless: false, pageLoadStrategy: normal, platformName: windows, proxy: Proxy(), se:cdp: ws://127.0.0.1:17812/devtoo..., se:cdpVersion: 85.0, setWindowRect: true, strictFileInteractability: false, timeouts: {implicit: 0, pageLoad: 300000, script: 30000}, unhandledPromptBehavior: dismiss and notify, userAgent: Mozilla/5.0 (Windows NT 10....}
Session ID: 39aa1f7a-5232-4a65-bf20-485992b2c8d1
	at org.openqa.selenium.support.ui.WebDriverWait.timeoutException(WebDriverWait.java:84)
	at org.openqa.selenium.support.ui.FluentWait.until(FluentWait.java:229)
	at dsalgoPOM.TreePage.getAlertMsg(TreePage.java:83)
	at dsalgo_stepdefinition.DSTreeStepDefinition.the_user_should_be_able_to_see_a_alertbox_syntaxerror_for_the_tree_page(DSTreeStepDefinition.java:85)
	at ✽.the user should be able to see a alertbox syntaxerror for the tree page(file:///C:/Users/gayathri/eclipse-workspace/ProjectDS/DSAlgoProject/src/test/resources/Features/Tree.feature:44)
</pre></div><a href='#' onClick='toggleBox("stack-trace1532962939", this, "Click to show all stack frames", "Click to hide stack frames")'>Click to show all stack frames</a>
<div class='stack-trace' id='stack-trace1532962939'><pre>org.openqa.selenium.TimeoutException: Expected condition failed: waiting for alert to be present (tried for 10 second(s) with 500 milliseconds interval)
Build info: version: &apos;4.16.1&apos;, revision: &apos;9b4c83354e&apos;
System info: os.name: &apos;Windows 10&apos;, os.arch: &apos;amd64&apos;, os.version: &apos;10.0&apos;, java.version: &apos;21.0.2&apos;
Driver info: org.openqa.selenium.firefox.FirefoxDriver
Capabilities {acceptInsecureCerts: true, browserName: firefox, browserVersion: 125.0.3, moz:accessibilityChecks: false, moz:buildID: 20240425211020, moz:debuggerAddress: 127.0.0.1:17812, moz:geckodriverVersion: 0.34.0, moz:headless: true, moz:platformVersion: 10.0, moz:processID: 33292, moz:profile: C:\Users\gayathri\AppData\L..., moz:shutdownTimeout: 60000, moz:webdriverClick: true, moz:windowless: false, pageLoadStrategy: normal, platformName: windows, proxy: Proxy(), se:cdp: ws://127.0.0.1:17812/devtoo..., se:cdpVersion: 85.0, setWindowRect: true, strictFileInteractability: false, timeouts: {implicit: 0, pageLoad: 300000, script: 30000}, unhandledPromptBehavior: dismiss and notify, userAgent: Mozilla/5.0 (Windows NT 10....}
Session ID: 39aa1f7a-5232-4a65-bf20-485992b2c8d1
	at org.openqa.selenium.support.ui.WebDriverWait.timeoutException(WebDriverWait.java:84)
	at org.openqa.selenium.support.ui.FluentWait.until(FluentWait.java:229)
	at dsalgoPOM.TreePage.getAlertMsg(TreePage.java:83)
	at dsalgo_stepdefinition.DSTreeStepDefinition.the_user_should_be_able_to_see_a_alertbox_syntaxerror_for_the_tree_page(DSTreeStepDefinition.java:85)
	at ✽.the user should be able to see a alertbox syntaxerror for the tree page(file:///C:/Users/gayathri/eclipse-workspace/ProjectDS/DSAlgoProject/src/test/resources/Features/Tree.feature:44)
</pre></div></td>
<td>133</td>
<td>dsAlgoRunner.Runner_Test@47c81abf</td></tr>
<tr>
<td title='dsAlgoRunner.Runner_Test.runScenario()'><b>runScenario</b><br>Test class: dsAlgoRunner.Runner_Test<br>Test method: Runs Cucumber Scenarios<br>Parameters: "The user clicks the Topic links  from Tree DataStructure and runs the invalid python code", "F3 The signedin user selects the Tree datastructure module and access the page"</td>
<td><div><pre>org.openqa.selenium.TimeoutException: Expected condition failed: waiting for alert to be present (tried for 10 second(s) with 500 milliseconds interval)
Build info: version: &apos;4.16.1&apos;, revision: &apos;9b4c83354e&apos;
System info: os.name: &apos;Windows 10&apos;, os.arch: &apos;amd64&apos;, os.version: &apos;10.0&apos;, java.version: &apos;21.0.2&apos;
Driver info: org.openqa.selenium.firefox.FirefoxDriver
Capabilities {acceptInsecureCerts: true, browserName: firefox, browserVersion: 125.0.3, moz:accessibilityChecks: false, moz:buildID: 20240425211020, moz:debuggerAddress: 127.0.0.1:27181, moz:geckodriverVersion: 0.34.0, moz:headless: true, moz:platformVersion: 10.0, moz:processID: 43652, moz:profile: C:\Users\gayathri\AppData\L..., moz:shutdownTimeout: 60000, moz:webdriverClick: true, moz:windowless: false, pageLoadStrategy: normal, platformName: windows, proxy: Proxy(), se:cdp: ws://127.0.0.1:27181/devtoo..., se:cdpVersion: 85.0, setWindowRect: true, strictFileInteractability: false, timeouts: {implicit: 0, pageLoad: 300000, script: 30000}, unhandledPromptBehavior: dismiss and notify, userAgent: Mozilla/5.0 (Windows NT 10....}
Session ID: ba1999c1-4e1c-4942-8cee-42961eb8ea17
	at org.openqa.selenium.support.ui.WebDriverWait.timeoutException(WebDriverWait.java:84)
	at org.openqa.selenium.support.ui.FluentWait.until(FluentWait.java:229)
	at dsalgoPOM.TreePage.getAlertMsg(TreePage.java:83)
	at dsalgo_stepdefinition.DSTreeStepDefinition.the_user_should_be_able_to_see_a_alertbox_syntaxerror_for_the_tree_page(DSTreeStepDefinition.java:85)
	at ✽.the user should be able to see a alertbox syntaxerror for the tree page(file:///C:/Users/gayathri/eclipse-workspace/ProjectDS/DSAlgoProject/src/test/resources/Features/Tree.feature:44)
</pre></div><a href='#' onClick='toggleBox("stack-trace326918872", this, "Click to show all stack frames", "Click to hide stack frames")'>Click to show all stack frames</a>
<div class='stack-trace' id='stack-trace326918872'><pre>org.openqa.selenium.TimeoutException: Expected condition failed: waiting for alert to be present (tried for 10 second(s) with 500 milliseconds interval)
Build info: version: &apos;4.16.1&apos;, revision: &apos;9b4c83354e&apos;
System info: os.name: &apos;Windows 10&apos;, os.arch: &apos;amd64&apos;, os.version: &apos;10.0&apos;, java.version: &apos;21.0.2&apos;
Driver info: org.openqa.selenium.firefox.FirefoxDriver
Capabilities {acceptInsecureCerts: true, browserName: firefox, browserVersion: 125.0.3, moz:accessibilityChecks: false, moz:buildID: 20240425211020, moz:debuggerAddress: 127.0.0.1:27181, moz:geckodriverVersion: 0.34.0, moz:headless: true, moz:platformVersion: 10.0, moz:processID: 43652, moz:profile: C:\Users\gayathri\AppData\L..., moz:shutdownTimeout: 60000, moz:webdriverClick: true, moz:windowless: false, pageLoadStrategy: normal, platformName: windows, proxy: Proxy(), se:cdp: ws://127.0.0.1:27181/devtoo..., se:cdpVersion: 85.0, setWindowRect: true, strictFileInteractability: false, timeouts: {implicit: 0, pageLoad: 300000, script: 30000}, unhandledPromptBehavior: dismiss and notify, userAgent: Mozilla/5.0 (Windows NT 10....}
Session ID: ba1999c1-4e1c-4942-8cee-42961eb8ea17
	at org.openqa.selenium.support.ui.WebDriverWait.timeoutException(WebDriverWait.java:84)
	at org.openqa.selenium.support.ui.FluentWait.until(FluentWait.java:229)
	at dsalgoPOM.TreePage.getAlertMsg(TreePage.java:83)
	at dsalgo_stepdefinition.DSTreeStepDefinition.the_user_should_be_able_to_see_a_alertbox_syntaxerror_for_the_tree_page(DSTreeStepDefinition.java:85)
	at ✽.the user should be able to see a alertbox syntaxerror for the tree page(file:///C:/Users/gayathri/eclipse-workspace/ProjectDS/DSAlgoProject/src/test/resources/Features/Tree.feature:44)
</pre></div></td>
<td>121</td>
<td>dsAlgoRunner.Runner_Test@47c81abf</td></tr>
<tr>
<td title='dsAlgoRunner.Runner_Test.runScenario()'><b>runScenario</b><br>Test class: dsAlgoRunner.Runner_Test<br>Test method: Runs Cucumber Scenarios<br>Parameters: "The user clicks the Topic links  from Tree DataStructure and runs the  valid python code", "F3 The signedin user selects the Tree datastructure module and access the page"</td>
<td><div><pre>org.openqa.selenium.NoSuchElementException: Unable to locate element: //a[@href=&apos;tree&apos;]
For documentation on this error, please visit: https://www.selenium.dev/documentation/webdriver/troubleshooting/errors#no-such-element-exception
Build info: version: &apos;4.16.1&apos;, revision: &apos;9b4c83354e&apos;
System info: os.name: &apos;Windows 10&apos;, os.arch: &apos;amd64&apos;, os.version: &apos;10.0&apos;, java.version: &apos;21.0.2&apos;
Driver info: org.openqa.selenium.firefox.FirefoxDriver
Command: [1549776d-d7d6-4284-9a05-4c0760083e4c, findElement {using=xpath, value=//a[@href=&apos;tree&apos;]}]
Capabilities {acceptInsecureCerts: true, browserName: firefox, browserVersion: 125.0.3, moz:accessibilityChecks: false, moz:buildID: 20240425211020, moz:debuggerAddress: 127.0.0.1:45644, moz:geckodriverVersion: 0.34.0, moz:headless: true, moz:platformVersion: 10.0, moz:processID: 17540, moz:profile: C:\Users\gayathri\AppData\L..., moz:shutdownTimeout: 60000, moz:webdriverClick: true, moz:windowless: false, pageLoadStrategy: normal, platformName: windows, proxy: Proxy(), se:cdp: ws://127.0.0.1:45644/devtoo..., se:cdpVersion: 85.0, setWindowRect: true, strictFileInteractability: false, timeouts: {implicit: 0, pageLoad: 300000, script: 30000}, unhandledPromptBehavior: dismiss and notify, userAgent: Mozilla/5.0 (Windows NT 10....}
Session ID: 1549776d-d7d6-4284-9a05-4c0760083e4c
	at org.openqa.selenium.remote.codec.w3c.W3CHttpResponseCodec.createException(W3CHttpResponseCodec.java:200)
	at org.openqa.selenium.remote.codec.w3c.W3CHttpResponseCodec.decode(W3CHttpResponseCodec.java:133)
	at org.openqa.selenium.remote.codec.w3c.W3CHttpResponseCodec.decode(W3CHttpResponseCodec.java:52)
	at org.openqa.selenium.remote.HttpCommandExecutor.execute(HttpCommandExecutor.java:191)
	at org.openqa.selenium.remote.service.DriverCommandExecutor.invokeExecute(DriverCommandExecutor.java:200)
	at org.openqa.selenium.remote.service.DriverCommandExecutor.execute(DriverCommandExecutor.java:175)
	at org.openqa.selenium.remote.RemoteWebDriver.execute(RemoteWebDriver.java:523)
	at org.openqa.selenium.remote.ElementLocation$ElementFinder$2.findElement(ElementLocation.java:165)
	at org.openqa.selenium.remote.ElementLocation.findElement(ElementLocation.java:59)
	at org.openqa.selenium.remote.RemoteWebDriver.findElement(RemoteWebDriver.java:360)
	at org.openqa.selenium.remote.RemoteWebDriver.findElement(RemoteWebDriver.java:354)
	at dsalgoPOM.TreePage.TreeHomePage(TreePage.java:32)
	at dsalgo_stepdefinition.DSTreeStepDefinition.the_user_is_on_the_tree_page(DSTreeStepDefinition.java:28)
	at ✽.The user is on the Tree page(file:///C:/Users/gayathri/eclipse-workspace/ProjectDS/DSAlgoProject/src/test/resources/Features/Tree.feature:13)
... Removed 3 stack frames</pre></div><a href='#' onClick='toggleBox("stack-trace1124472001", this, "Click to show all stack frames", "Click to hide stack frames")'>Click to show all stack frames</a>
<div class='stack-trace' id='stack-trace1124472001'><pre>org.openqa.selenium.NoSuchElementException: Unable to locate element: //a[@href=&apos;tree&apos;]
For documentation on this error, please visit: https://www.selenium.dev/documentation/webdriver/troubleshooting/errors#no-such-element-exception
Build info: version: &apos;4.16.1&apos;, revision: &apos;9b4c83354e&apos;
System info: os.name: &apos;Windows 10&apos;, os.arch: &apos;amd64&apos;, os.version: &apos;10.0&apos;, java.version: &apos;21.0.2&apos;
Driver info: org.openqa.selenium.firefox.FirefoxDriver
Command: [1549776d-d7d6-4284-9a05-4c0760083e4c, findElement {using=xpath, value=//a[@href=&apos;tree&apos;]}]
Capabilities {acceptInsecureCerts: true, browserName: firefox, browserVersion: 125.0.3, moz:accessibilityChecks: false, moz:buildID: 20240425211020, moz:debuggerAddress: 127.0.0.1:45644, moz:geckodriverVersion: 0.34.0, moz:headless: true, moz:platformVersion: 10.0, moz:processID: 17540, moz:profile: C:\Users\gayathri\AppData\L..., moz:shutdownTimeout: 60000, moz:webdriverClick: true, moz:windowless: false, pageLoadStrategy: normal, platformName: windows, proxy: Proxy(), se:cdp: ws://127.0.0.1:45644/devtoo..., se:cdpVersion: 85.0, setWindowRect: true, strictFileInteractability: false, timeouts: {implicit: 0, pageLoad: 300000, script: 30000}, unhandledPromptBehavior: dismiss and notify, userAgent: Mozilla/5.0 (Windows NT 10....}
Session ID: 1549776d-d7d6-4284-9a05-4c0760083e4c
	at java.base/jdk.internal.reflect.DirectConstructorHandleAccessor.newInstance(DirectConstructorHandleAccessor.java:62)
	at java.base/java.lang.reflect.Constructor.newInstanceWithCaller(Constructor.java:502)
	at java.base/java.lang.reflect.Constructor.newInstance(Constructor.java:486)
	at org.openqa.selenium.remote.codec.w3c.W3CHttpResponseCodec.createException(W3CHttpResponseCodec.java:200)
	at org.openqa.selenium.remote.codec.w3c.W3CHttpResponseCodec.decode(W3CHttpResponseCodec.java:133)
	at org.openqa.selenium.remote.codec.w3c.W3CHttpResponseCodec.decode(W3CHttpResponseCodec.java:52)
	at org.openqa.selenium.remote.HttpCommandExecutor.execute(HttpCommandExecutor.java:191)
	at org.openqa.selenium.remote.service.DriverCommandExecutor.invokeExecute(DriverCommandExecutor.java:200)
	at org.openqa.selenium.remote.service.DriverCommandExecutor.execute(DriverCommandExecutor.java:175)
	at org.openqa.selenium.remote.RemoteWebDriver.execute(RemoteWebDriver.java:523)
	at org.openqa.selenium.remote.ElementLocation$ElementFinder$2.findElement(ElementLocation.java:165)
	at org.openqa.selenium.remote.ElementLocation.findElement(ElementLocation.java:59)
	at org.openqa.selenium.remote.RemoteWebDriver.findElement(RemoteWebDriver.java:360)
	at org.openqa.selenium.remote.RemoteWebDriver.findElement(RemoteWebDriver.java:354)
	at dsalgoPOM.TreePage.TreeHomePage(TreePage.java:32)
	at dsalgo_stepdefinition.DSTreeStepDefinition.the_user_is_on_the_tree_page(DSTreeStepDefinition.java:28)
	at ✽.The user is on the Tree page(file:///C:/Users/gayathri/eclipse-workspace/ProjectDS/DSAlgoProject/src/test/resources/Features/Tree.feature:13)
</pre></div></td>
<td>173</td>
<td>dsAlgoRunner.Runner_Test@47c81abf</td></tr>
<tr>
<td title='dsAlgoRunner.Runner_Test.runScenario()'><b>runScenario</b><br>Test class: dsAlgoRunner.Runner_Test<br>Test method: Runs Cucumber Scenarios<br>Parameters: "The user clicks the Topic links  from Tree DataStructure and runs the  valid python code", "F3 The signedin user selects the Tree datastructure module and access the page"</td>
<td><div><pre>org.openqa.selenium.StaleElementReferenceException: The element with the reference 5d825c27-e3c0-4412-852f-4b96edd391da is stale; either its node document is not the active document, or it is no longer connected to the DOM
For documentation on this error, please visit: https://www.selenium.dev/documentation/webdriver/troubleshooting/errors#stale-element-reference-exception
Build info: version: &apos;4.16.1&apos;, revision: &apos;9b4c83354e&apos;
System info: os.name: &apos;Windows 10&apos;, os.arch: &apos;amd64&apos;, os.version: &apos;10.0&apos;, java.version: &apos;21.0.2&apos;
Driver info: org.openqa.selenium.firefox.FirefoxDriver
Command: [77e591b9-f146-479b-ba3d-af91cd2b64f4, getElementText {id=5d825c27-e3c0-4412-852f-4b96edd391da}]
Capabilities {acceptInsecureCerts: true, browserName: firefox, browserVersion: 125.0.3, moz:accessibilityChecks: false, moz:buildID: 20240425211020, moz:debuggerAddress: 127.0.0.1:2575, moz:geckodriverVersion: 0.34.0, moz:headless: true, moz:platformVersion: 10.0, moz:processID: 61616, moz:profile: C:\Users\gayathri\AppData\L..., moz:shutdownTimeout: 60000, moz:webdriverClick: true, moz:windowless: false, pageLoadStrategy: normal, platformName: windows, proxy: Proxy(), se:cdp: ws://127.0.0.1:2575/devtool..., se:cdpVersion: 85.0, setWindowRect: true, strictFileInteractability: false, timeouts: {implicit: 0, pageLoad: 300000, script: 30000}, unhandledPromptBehavior: dismiss and notify, userAgent: Mozilla/5.0 (Windows NT 10....}
Element: [[FirefoxDriver: firefox on windows (77e591b9-f146-479b-ba3d-af91cd2b64f4)] -&gt; link text: NumpyNinja]
Session ID: 77e591b9-f146-479b-ba3d-af91cd2b64f4
	at org.openqa.selenium.remote.codec.w3c.W3CHttpResponseCodec.createException(W3CHttpResponseCodec.java:200)
	at org.openqa.selenium.remote.codec.w3c.W3CHttpResponseCodec.decode(W3CHttpResponseCodec.java:133)
	at org.openqa.selenium.remote.codec.w3c.W3CHttpResponseCodec.decode(W3CHttpResponseCodec.java:52)
	at org.openqa.selenium.remote.HttpCommandExecutor.execute(HttpCommandExecutor.java:191)
	at org.openqa.selenium.remote.service.DriverCommandExecutor.invokeExecute(DriverCommandExecutor.java:200)
	at org.openqa.selenium.remote.service.DriverCommandExecutor.execute(DriverCommandExecutor.java:175)
	at org.openqa.selenium.remote.RemoteWebDriver.execute(RemoteWebDriver.java:523)
	at org.openqa.selenium.remote.RemoteWebElement.execute(RemoteWebElement.java:224)
	at org.openqa.selenium.remote.RemoteWebElement.getText(RemoteWebElement.java:192)
	at dsalgoPOM.SignInPage.numpaNinjaText(SignInPage.java:41)
	at dsalgo_stepdefinition.SignIn_stepdefinition.user_should_be_logged_in_successfully(SignIn_stepdefinition.java:32)
	at ✽.User should be logged in successfully(file:///C:/Users/gayathri/eclipse-workspace/ProjectDS/DSAlgoProject/src/test/resources/Features/Tree.feature:9)
... Removed 3 stack frames</pre></div><a href='#' onClick='toggleBox("stack-trace529640840", this, "Click to show all stack frames", "Click to hide stack frames")'>Click to show all stack frames</a>
<div class='stack-trace' id='stack-trace529640840'><pre>org.openqa.selenium.StaleElementReferenceException: The element with the reference 5d825c27-e3c0-4412-852f-4b96edd391da is stale; either its node document is not the active document, or it is no longer connected to the DOM
For documentation on this error, please visit: https://www.selenium.dev/documentation/webdriver/troubleshooting/errors#stale-element-reference-exception
Build info: version: &apos;4.16.1&apos;, revision: &apos;9b4c83354e&apos;
System info: os.name: &apos;Windows 10&apos;, os.arch: &apos;amd64&apos;, os.version: &apos;10.0&apos;, java.version: &apos;21.0.2&apos;
Driver info: org.openqa.selenium.firefox.FirefoxDriver
Command: [77e591b9-f146-479b-ba3d-af91cd2b64f4, getElementText {id=5d825c27-e3c0-4412-852f-4b96edd391da}]
Capabilities {acceptInsecureCerts: true, browserName: firefox, browserVersion: 125.0.3, moz:accessibilityChecks: false, moz:buildID: 20240425211020, moz:debuggerAddress: 127.0.0.1:2575, moz:geckodriverVersion: 0.34.0, moz:headless: true, moz:platformVersion: 10.0, moz:processID: 61616, moz:profile: C:\Users\gayathri\AppData\L..., moz:shutdownTimeout: 60000, moz:webdriverClick: true, moz:windowless: false, pageLoadStrategy: normal, platformName: windows, proxy: Proxy(), se:cdp: ws://127.0.0.1:2575/devtool..., se:cdpVersion: 85.0, setWindowRect: true, strictFileInteractability: false, timeouts: {implicit: 0, pageLoad: 300000, script: 30000}, unhandledPromptBehavior: dismiss and notify, userAgent: Mozilla/5.0 (Windows NT 10....}
Element: [[FirefoxDriver: firefox on windows (77e591b9-f146-479b-ba3d-af91cd2b64f4)] -&gt; link text: NumpyNinja]
Session ID: 77e591b9-f146-479b-ba3d-af91cd2b64f4
	at java.base/jdk.internal.reflect.DirectConstructorHandleAccessor.newInstance(DirectConstructorHandleAccessor.java:62)
	at java.base/java.lang.reflect.Constructor.newInstanceWithCaller(Constructor.java:502)
	at java.base/java.lang.reflect.Constructor.newInstance(Constructor.java:486)
	at org.openqa.selenium.remote.codec.w3c.W3CHttpResponseCodec.createException(W3CHttpResponseCodec.java:200)
	at org.openqa.selenium.remote.codec.w3c.W3CHttpResponseCodec.decode(W3CHttpResponseCodec.java:133)
	at org.openqa.selenium.remote.codec.w3c.W3CHttpResponseCodec.decode(W3CHttpResponseCodec.java:52)
	at org.openqa.selenium.remote.HttpCommandExecutor.execute(HttpCommandExecutor.java:191)
	at org.openqa.selenium.remote.service.DriverCommandExecutor.invokeExecute(DriverCommandExecutor.java:200)
	at org.openqa.selenium.remote.service.DriverCommandExecutor.execute(DriverCommandExecutor.java:175)
	at org.openqa.selenium.remote.RemoteWebDriver.execute(RemoteWebDriver.java:523)
	at org.openqa.selenium.remote.RemoteWebElement.execute(RemoteWebElement.java:224)
	at org.openqa.selenium.remote.RemoteWebElement.getText(RemoteWebElement.java:192)
	at dsalgoPOM.SignInPage.numpaNinjaText(SignInPage.java:41)
	at dsalgo_stepdefinition.SignIn_stepdefinition.user_should_be_logged_in_successfully(SignIn_stepdefinition.java:32)
	at ✽.User should be logged in successfully(file:///C:/Users/gayathri/eclipse-workspace/ProjectDS/DSAlgoProject/src/test/resources/Features/Tree.feature:9)
</pre></div></td>
<td>158</td>
<td>dsAlgoRunner.Runner_Test@47c81abf</td></tr>
<tr>
<td title='dsAlgoRunner.Runner_Test.runScenario()'><b>runScenario</b><br>Test class: dsAlgoRunner.Runner_Test<br>Test method: Runs Cucumber Scenarios<br>Parameters: "The user clicks the Linked List topic links and runs the  invalid python code", "F2 As a user I want to navigate to the Linked List home page"</td>
<td><div><pre>org.openqa.selenium.TimeoutException: Expected condition failed: waiting for alert to be present (tried for 10 second(s) with 500 milliseconds interval)
Build info: version: &apos;4.16.1&apos;, revision: &apos;9b4c83354e&apos;
System info: os.name: &apos;Windows 10&apos;, os.arch: &apos;amd64&apos;, os.version: &apos;10.0&apos;, java.version: &apos;21.0.2&apos;
Driver info: org.openqa.selenium.firefox.FirefoxDriver
Capabilities {acceptInsecureCerts: true, browserName: firefox, browserVersion: 125.0.3, moz:accessibilityChecks: false, moz:buildID: 20240425211020, moz:debuggerAddress: 127.0.0.1:41250, moz:geckodriverVersion: 0.34.0, moz:headless: true, moz:platformVersion: 10.0, moz:processID: 10060, moz:profile: C:\Users\gayathri\AppData\L..., moz:shutdownTimeout: 60000, moz:webdriverClick: true, moz:windowless: false, pageLoadStrategy: normal, platformName: windows, proxy: Proxy(), se:cdp: ws://127.0.0.1:41250/devtoo..., se:cdpVersion: 85.0, setWindowRect: true, strictFileInteractability: false, timeouts: {implicit: 0, pageLoad: 300000, script: 30000}, unhandledPromptBehavior: dismiss and notify, userAgent: Mozilla/5.0 (Windows NT 10....}
Session ID: 2a7d6a29-f04d-4d17-b01f-1ba85b6493b7
	at org.openqa.selenium.support.ui.WebDriverWait.timeoutException(WebDriverWait.java:84)
	at org.openqa.selenium.support.ui.FluentWait.until(FluentWait.java:229)
	at dsalgoPOM.LinkedListPage.getAlertMsg(LinkedListPage.java:94)
	at dsalgo_stepdefinition.LinkedList_stepdefination.the_user_should_be_able_to_see_a_alertbox_syntaxerror_for_the_linked_list_page(LinkedList_stepdefination.java:116)
	at ✽.The user should be able to see a alertbox syntaxerror for the linked list page(file:///C:/Users/gayathri/eclipse-workspace/ProjectDS/DSAlgoProject/src/test/resources/Features/Linked_List.feature:42)
</pre></div><a href='#' onClick='toggleBox("stack-trace75674888", this, "Click to show all stack frames", "Click to hide stack frames")'>Click to show all stack frames</a>
<div class='stack-trace' id='stack-trace75674888'><pre>org.openqa.selenium.TimeoutException: Expected condition failed: waiting for alert to be present (tried for 10 second(s) with 500 milliseconds interval)
Build info: version: &apos;4.16.1&apos;, revision: &apos;9b4c83354e&apos;
System info: os.name: &apos;Windows 10&apos;, os.arch: &apos;amd64&apos;, os.version: &apos;10.0&apos;, java.version: &apos;21.0.2&apos;
Driver info: org.openqa.selenium.firefox.FirefoxDriver
Capabilities {acceptInsecureCerts: true, browserName: firefox, browserVersion: 125.0.3, moz:accessibilityChecks: false, moz:buildID: 20240425211020, moz:debuggerAddress: 127.0.0.1:41250, moz:geckodriverVersion: 0.34.0, moz:headless: true, moz:platformVersion: 10.0, moz:processID: 10060, moz:profile: C:\Users\gayathri\AppData\L..., moz:shutdownTimeout: 60000, moz:webdriverClick: true, moz:windowless: false, pageLoadStrategy: normal, platformName: windows, proxy: Proxy(), se:cdp: ws://127.0.0.1:41250/devtoo..., se:cdpVersion: 85.0, setWindowRect: true, strictFileInteractability: false, timeouts: {implicit: 0, pageLoad: 300000, script: 30000}, unhandledPromptBehavior: dismiss and notify, userAgent: Mozilla/5.0 (Windows NT 10....}
Session ID: 2a7d6a29-f04d-4d17-b01f-1ba85b6493b7
	at org.openqa.selenium.support.ui.WebDriverWait.timeoutException(WebDriverWait.java:84)
	at org.openqa.selenium.support.ui.FluentWait.until(FluentWait.java:229)
	at dsalgoPOM.LinkedListPage.getAlertMsg(LinkedListPage.java:94)
	at dsalgo_stepdefinition.LinkedList_stepdefination.the_user_should_be_able_to_see_a_alertbox_syntaxerror_for_the_linked_list_page(LinkedList_stepdefination.java:116)
	at ✽.The user should be able to see a alertbox syntaxerror for the linked list page(file:///C:/Users/gayathri/eclipse-workspace/ProjectDS/DSAlgoProject/src/test/resources/Features/Linked_List.feature:42)
</pre></div></td>
<td>126</td>
<td>dsAlgoRunner.Runner_Test@47c81abf</td></tr>
<tr>
<td title='dsAlgoRunner.Runner_Test.runScenario()'><b>runScenario</b><br>Test class: dsAlgoRunner.Runner_Test<br>Test method: Runs Cucumber Scenarios<br>Parameters: "The user clicks the Linked List topic links and runs the  invalid python code", "F2 As a user I want to navigate to the Linked List home page"</td>
<td><div><pre>org.openqa.selenium.TimeoutException: Expected condition failed: waiting for alert to be present (tried for 10 second(s) with 500 milliseconds interval)
Build info: version: &apos;4.16.1&apos;, revision: &apos;9b4c83354e&apos;
System info: os.name: &apos;Windows 10&apos;, os.arch: &apos;amd64&apos;, os.version: &apos;10.0&apos;, java.version: &apos;21.0.2&apos;
Driver info: org.openqa.selenium.firefox.FirefoxDriver
Capabilities {acceptInsecureCerts: true, browserName: firefox, browserVersion: 125.0.3, moz:accessibilityChecks: false, moz:buildID: 20240425211020, moz:debuggerAddress: 127.0.0.1:37378, moz:geckodriverVersion: 0.34.0, moz:headless: true, moz:platformVersion: 10.0, moz:processID: 59404, moz:profile: C:\Users\gayathri\AppData\L..., moz:shutdownTimeout: 60000, moz:webdriverClick: true, moz:windowless: false, pageLoadStrategy: normal, platformName: windows, proxy: Proxy(), se:cdp: ws://127.0.0.1:37378/devtoo..., se:cdpVersion: 85.0, setWindowRect: true, strictFileInteractability: false, timeouts: {implicit: 0, pageLoad: 300000, script: 30000}, unhandledPromptBehavior: dismiss and notify, userAgent: Mozilla/5.0 (Windows NT 10....}
Session ID: b28ba5e8-3ecd-4aef-827d-d7d49cdb7c7c
	at org.openqa.selenium.support.ui.WebDriverWait.timeoutException(WebDriverWait.java:84)
	at org.openqa.selenium.support.ui.FluentWait.until(FluentWait.java:229)
	at dsalgoPOM.LinkedListPage.getAlertMsg(LinkedListPage.java:94)
	at dsalgo_stepdefinition.LinkedList_stepdefination.the_user_should_be_able_to_see_a_alertbox_syntaxerror_for_the_linked_list_page(LinkedList_stepdefination.java:116)
	at ✽.The user should be able to see a alertbox syntaxerror for the linked list page(file:///C:/Users/gayathri/eclipse-workspace/ProjectDS/DSAlgoProject/src/test/resources/Features/Linked_List.feature:42)
</pre></div><a href='#' onClick='toggleBox("stack-trace1724354860", this, "Click to show all stack frames", "Click to hide stack frames")'>Click to show all stack frames</a>
<div class='stack-trace' id='stack-trace1724354860'><pre>org.openqa.selenium.TimeoutException: Expected condition failed: waiting for alert to be present (tried for 10 second(s) with 500 milliseconds interval)
Build info: version: &apos;4.16.1&apos;, revision: &apos;9b4c83354e&apos;
System info: os.name: &apos;Windows 10&apos;, os.arch: &apos;amd64&apos;, os.version: &apos;10.0&apos;, java.version: &apos;21.0.2&apos;
Driver info: org.openqa.selenium.firefox.FirefoxDriver
Capabilities {acceptInsecureCerts: true, browserName: firefox, browserVersion: 125.0.3, moz:accessibilityChecks: false, moz:buildID: 20240425211020, moz:debuggerAddress: 127.0.0.1:37378, moz:geckodriverVersion: 0.34.0, moz:headless: true, moz:platformVersion: 10.0, moz:processID: 59404, moz:profile: C:\Users\gayathri\AppData\L..., moz:shutdownTimeout: 60000, moz:webdriverClick: true, moz:windowless: false, pageLoadStrategy: normal, platformName: windows, proxy: Proxy(), se:cdp: ws://127.0.0.1:37378/devtoo..., se:cdpVersion: 85.0, setWindowRect: true, strictFileInteractability: false, timeouts: {implicit: 0, pageLoad: 300000, script: 30000}, unhandledPromptBehavior: dismiss and notify, userAgent: Mozilla/5.0 (Windows NT 10....}
Session ID: b28ba5e8-3ecd-4aef-827d-d7d49cdb7c7c
	at org.openqa.selenium.support.ui.WebDriverWait.timeoutException(WebDriverWait.java:84)
	at org.openqa.selenium.support.ui.FluentWait.until(FluentWait.java:229)
	at dsalgoPOM.LinkedListPage.getAlertMsg(LinkedListPage.java:94)
	at dsalgo_stepdefinition.LinkedList_stepdefination.the_user_should_be_able_to_see_a_alertbox_syntaxerror_for_the_linked_list_page(LinkedList_stepdefination.java:116)
	at ✽.The user should be able to see a alertbox syntaxerror for the linked list page(file:///C:/Users/gayathri/eclipse-workspace/ProjectDS/DSAlgoProject/src/test/resources/Features/Linked_List.feature:42)
</pre></div></td>
<td>130</td>
<td>dsAlgoRunner.Runner_Test@47c81abf</td></tr>
</table><p>
<table width='100%' border='1' class='invocation-passed'>
<tr><td colspan='4' align='center'><b>PASSED TESTS</b></td></tr>
<tr><td><b>Test method</b></td>
<td><b>Attribute(s)</b></td>
<td width="30%"><b>Exception</b></td>
<td width="10%"><b>Time (seconds)</b></td>
<td><b>Instance</b></td>
</tr>
<tr>
<td title='dsAlgoRunner.Runner_Test.runScenario()'><b>runScenario</b><br>Test class: dsAlgoRunner.Runner_Test<br>Test method: Runs Cucumber Scenarios<br>Parameters: "The user clicks the Array topic links and runs the  python code", "F1 As a user I want to navigate to the Array home page"</td>
<td></td>
<td>150</td>
<td>dsAlgoRunner.Runner_Test@47c81abf</td></tr>
<tr>
<td title='dsAlgoRunner.Runner_Test.runScenario()'><b>runScenario</b><br>Test class: dsAlgoRunner.Runner_Test<br>Test method: Runs Cucumber Scenarios<br>Parameters: "The user clicks the Stack topic links and runs the  invalid python code", "F3 The signedin user selects the  stack datastructure module and runs the python code"</td>
<td></td>
<td>125</td>
<td>dsAlgoRunner.Runner_Test@47c81abf</td></tr>
<tr>
<td title='dsAlgoRunner.Runner_Test.runScenario()'><b>runScenario</b><br>Test class: dsAlgoRunner.Runner_Test<br>Test method: Runs Cucumber Scenarios<br>Parameters: "The user clicks the Queue topic links and runs the  python code", "F3 As a Signedin User"</td>
<td></td>
<td>119</td>
<td>dsAlgoRunner.Runner_Test@47c81abf</td></tr>
<tr>
<td title='dsAlgoRunner.Runner_Test.runScenario()'><b>runScenario</b><br>Test class: dsAlgoRunner.Runner_Test<br>Test method: Runs Cucumber Scenarios<br>Parameters: "The user clicks the Linked List topic links and runs the  python code", "F2 As a user I want to navigate to the Linked List home page"</td>
<td></td>
<td>133</td>
<td>dsAlgoRunner.Runner_Test@47c81abf</td></tr>
<tr>
<td title='dsAlgoRunner.Runner_Test.runScenario()'><b>runScenario</b><br>Test class: dsAlgoRunner.Runner_Test<br>Test method: Runs Cucumber Scenarios<br>Parameters: "The user clicks the Topic links  from Tree DataStructure and runs the  valid python code", "F3 The signedin user selects the Tree datastructure module and access the page"</td>
<td></td>
<td>123</td>
<td>dsAlgoRunner.Runner_Test@47c81abf</td></tr>
<tr>
<td title='dsAlgoRunner.Runner_Test.runScenario()'><b>runScenario</b><br>Test class: dsAlgoRunner.Runner_Test<br>Test method: Runs Cucumber Scenarios<br>Parameters: "The user clicks the Array topic links and runs the  invalid python code", "F1 As a user I want to navigate to the Array home page"</td>
<td></td>
<td>160</td>
<td>dsAlgoRunner.Runner_Test@47c81abf</td></tr>
<tr>
<td title='dsAlgoRunner.Runner_Test.runScenario()'><b>runScenario</b><br>Test class: dsAlgoRunner.Runner_Test<br>Test method: Runs Cucumber Scenarios<br>Parameters: "The user clicks the Linked List topic links and runs the  python code", "F2 As a user I want to navigate to the Linked List home page"</td>
<td></td>
<td>132</td>
<td>dsAlgoRunner.Runner_Test@47c81abf</td></tr>
<tr>
<td title='dsAlgoRunner.Runner_Test.runScenario()'><b>runScenario</b><br>Test class: dsAlgoRunner.Runner_Test<br>Test method: Runs Cucumber Scenarios<br>Parameters: "The user clicks the Queue topic links and runs the  python code", "F3 As a Signedin User"</td>
<td></td>
<td>129</td>
<td>dsAlgoRunner.Runner_Test@47c81abf</td></tr>
<tr>
<td title='dsAlgoRunner.Runner_Test.runScenario()'><b>runScenario</b><br>Test class: dsAlgoRunner.Runner_Test<br>Test method: Runs Cucumber Scenarios<br>Parameters: "The user clicks the Topic links  from Tree DataStructure and runs the invalid python code", "F3 The signedin user selects the Tree datastructure module and access the page"</td>
<td></td>
<td>118</td>
<td>dsAlgoRunner.Runner_Test@47c81abf</td></tr>
<tr>
<td title='dsAlgoRunner.Runner_Test.runScenario()'><b>runScenario</b><br>Test class: dsAlgoRunner.Runner_Test<br>Test method: Runs Cucumber Scenarios<br>Parameters: "The user clicks the Array topic links and runs the  invalid python code", "F1 As a user I want to navigate to the Array home page"</td>
<td></td>
<td>160</td>
<td>dsAlgoRunner.Runner_Test@47c81abf</td></tr>
<tr>
<td title='dsAlgoRunner.Runner_Test.runScenario()'><b>runScenario</b><br>Test class: dsAlgoRunner.Runner_Test<br>Test method: Runs Cucumber Scenarios<br>Parameters: "The user clicks the Linked List topic links and runs the  python code", "F2 As a user I want to navigate to the Linked List home page"</td>
<td></td>
<td>134</td>
<td>dsAlgoRunner.Runner_Test@47c81abf</td></tr>
<tr>
<td title='dsAlgoRunner.Runner_Test.runScenario()'><b>runScenario</b><br>Test class: dsAlgoRunner.Runner_Test<br>Test method: Runs Cucumber Scenarios<br>Parameters: "The user clicks the Topic links  from Tree DataStructure and runs the invalid python code", "F3 The signedin user selects the Tree datastructure module and access the page"</td>
<td></td>
<td>113</td>
<td>dsAlgoRunner.Runner_Test@47c81abf</td></tr>
<tr>
<td title='dsAlgoRunner.Runner_Test.runScenario()'><b>runScenario</b><br>Test class: dsAlgoRunner.Runner_Test<br>Test method: Runs Cucumber Scenarios<br>Parameters: "The user clicks the Topic links  from Tree DataStructure and runs the invalid python code", "F3 The signedin user selects the Tree datastructure module and access the page"</td>
<td></td>
<td>119</td>
<td>dsAlgoRunner.Runner_Test@47c81abf</td></tr>
<tr>
<td title='dsAlgoRunner.Runner_Test.runScenario()'><b>runScenario</b><br>Test class: dsAlgoRunner.Runner_Test<br>Test method: Runs Cucumber Scenarios<br>Parameters: "The user clicks the Queue topic links and runs the  python code", "F3 As a Signedin User"</td>
<td></td>
<td>117</td>
<td>dsAlgoRunner.Runner_Test@47c81abf</td></tr>
<tr>
<td title='dsAlgoRunner.Runner_Test.runScenario()'><b>runScenario</b><br>Test class: dsAlgoRunner.Runner_Test<br>Test method: Runs Cucumber Scenarios<br>Parameters: "The user clicks the Topic links  from Tree DataStructure and runs the invalid python code", "F3 The signedin user selects the Tree datastructure module and access the page"</td>
<td></td>
<td>121</td>
<td>dsAlgoRunner.Runner_Test@47c81abf</td></tr>
<tr>
<td title='dsAlgoRunner.Runner_Test.runScenario()'><b>runScenario</b><br>Test class: dsAlgoRunner.Runner_Test<br>Test method: Runs Cucumber Scenarios<br>Parameters: "The user clicks the Topic links  from Tree DataStructure and runs the  valid python code", "F3 The signedin user selects the Tree datastructure module and access the page"</td>
<td></td>
<td>153</td>
<td>dsAlgoRunner.Runner_Test@47c81abf</td></tr>
<tr>
<td title='dsAlgoRunner.Runner_Test.runScenario()'><b>runScenario</b><br>Test class: dsAlgoRunner.Runner_Test<br>Test method: Runs Cucumber Scenarios<br>Parameters: "The user clicks the Linked List topic links and runs the  invalid python code", "F2 As a user I want to navigate to the Linked List home page"</td>
<td></td>
<td>117</td>
<td>dsAlgoRunner.Runner_Test@47c81abf</td></tr>
<tr>
<td title='dsAlgoRunner.Runner_Test.runScenario()'><b>runScenario</b><br>Test class: dsAlgoRunner.Runner_Test<br>Test method: Runs Cucumber Scenarios<br>Parameters: "The user clicks the Topic links  from Tree DataStructure and runs the invalid python code", "F3 The signedin user selects the Tree datastructure module and access the page"</td>
<td></td>
<td>122</td>
<td>dsAlgoRunner.Runner_Test@47c81abf</td></tr>
<tr>
<td title='dsAlgoRunner.Runner_Test.runScenario()'><b>runScenario</b><br>Test class: dsAlgoRunner.Runner_Test<br>Test method: Runs Cucumber Scenarios<br>Parameters: "The user clicks the Array topic links and runs the  python code", "F1 As a user I want to navigate to the Array home page"</td>
<td></td>
<td>155</td>
<td>dsAlgoRunner.Runner_Test@47c81abf</td></tr>
<tr>
<td title='dsAlgoRunner.Runner_Test.runScenario()'><b>runScenario</b><br>Test class: dsAlgoRunner.Runner_Test<br>Test method: Runs Cucumber Scenarios<br>Parameters: "The user clicks the Datastructures topic links and runs the  invalid python code", "F0 As a user I want to navigate to the Datastructures home page"</td>
<td></td>
<td>120</td>
<td>dsAlgoRunner.Runner_Test@47c81abf</td></tr>
<tr>
<td title='dsAlgoRunner.Runner_Test.runScenario()'><b>runScenario</b><br>Test class: dsAlgoRunner.Runner_Test<br>Test method: Runs Cucumber Scenarios<br>Parameters: "The user clicks the Array topic links and runs the  python code", "F1 As a user I want to navigate to the Array home page"</td>
<td></td>
<td>157</td>
<td>dsAlgoRunner.Runner_Test@47c81abf</td></tr>
<tr>
<td title='dsAlgoRunner.Runner_Test.runScenario()'><b>runScenario</b><br>Test class: dsAlgoRunner.Runner_Test<br>Test method: Runs Cucumber Scenarios<br>Parameters: "The user clicks the Queue topic links and runs the  python code", "F3 As a Signedin User"</td>
<td></td>
<td>128</td>
<td>dsAlgoRunner.Runner_Test@47c81abf</td></tr>
<tr>
<td title='dsAlgoRunner.Runner_Test.runScenario()'><b>runScenario</b><br>Test class: dsAlgoRunner.Runner_Test<br>Test method: Runs Cucumber Scenarios<br>Parameters: "The user clicks the Datastructures topic links and runs the  python code", "F0 As a user I want to navigate to the Datastructures home page"</td>
<td></td>
<td>124</td>
<td>dsAlgoRunner.Runner_Test@47c81abf</td></tr>
<tr>
<td title='dsAlgoRunner.Runner_Test.runScenario()'><b>runScenario</b><br>Test class: dsAlgoRunner.Runner_Test<br>Test method: Runs Cucumber Scenarios<br>Parameters: "The user clicks the Stack topic links and runs the  python code", "F3 The signedin user selects the  stack datastructure module and runs the python code"</td>
<td></td>
<td>141</td>
<td>dsAlgoRunner.Runner_Test@47c81abf</td></tr>
<tr>
<td title='dsAlgoRunner.Runner_Test.runScenario()'><b>runScenario</b><br>Test class: dsAlgoRunner.Runner_Test<br>Test method: Runs Cucumber Scenarios<br>Parameters: "The user clicks the Topic links  from Tree DataStructure and runs the  valid python code", "F3 The signedin user selects the Tree datastructure module and access the page"</td>
<td></td>
<td>126</td>
<td>dsAlgoRunner.Runner_Test@47c81abf</td></tr>
<tr>
<td title='dsAlgoRunner.Runner_Test.runScenario()'><b>runScenario</b><br>Test class: dsAlgoRunner.Runner_Test<br>Test method: Runs Cucumber Scenarios<br>Parameters: "The user clicks the Linked List topic links and runs the  invalid python code", "F2 As a user I want to navigate to the Linked List home page"</td>
<td></td>
<td>124</td>
<td>dsAlgoRunner.Runner_Test@47c81abf</td></tr>
<tr>
<td title='dsAlgoRunner.Runner_Test.runScenario()'><b>runScenario</b><br>Test class: dsAlgoRunner.Runner_Test<br>Test method: Runs Cucumber Scenarios<br>Parameters: "The user clicks the Queue topic links and runs the  invalid python code", "F3 As a Signedin User"</td>
<td></td>
<td>119</td>
<td>dsAlgoRunner.Runner_Test@47c81abf</td></tr>
<tr>
<td title='dsAlgoRunner.Runner_Test.runScenario()'><b>runScenario</b><br>Test class: dsAlgoRunner.Runner_Test<br>Test method: Runs Cucumber Scenarios<br>Parameters: "The user clicks the Topic links  from Tree DataStructure and runs the invalid python code", "F3 The signedin user selects the Tree datastructure module and access the page"</td>
<td></td>
<td>118</td>
<td>dsAlgoRunner.Runner_Test@47c81abf</td></tr>
<tr>
<td title='dsAlgoRunner.Runner_Test.runScenario()'><b>runScenario</b><br>Test class: dsAlgoRunner.Runner_Test<br>Test method: Runs Cucumber Scenarios<br>Parameters: "The user clicks the Graph topic links and runs the  invalid python code", "F6 As a user I want to navigate to the Graph home page"</td>
<td></td>
<td>116</td>
<td>dsAlgoRunner.Runner_Test@47c81abf</td></tr>
<tr>
<td title='dsAlgoRunner.Runner_Test.runScenario()'><b>runScenario</b><br>Test class: dsAlgoRunner.Runner_Test<br>Test method: Runs Cucumber Scenarios<br>Parameters: "The user clicks the Topic links  from Tree DataStructure and runs the  valid python code", "F3 The signedin user selects the Tree datastructure module and access the page"</td>
<td></td>
<td>166</td>
<td>dsAlgoRunner.Runner_Test@47c81abf</td></tr>
<tr>
<td title='dsAlgoRunner.Runner_Test.runScenario()'><b>runScenario</b><br>Test class: dsAlgoRunner.Runner_Test<br>Test method: Runs Cucumber Scenarios<br>Parameters: "The user clicks the Topic links  from Tree DataStructure and runs the  valid python code", "F3 The signedin user selects the Tree datastructure module and access the page"</td>
<td></td>
<td>164</td>
<td>dsAlgoRunner.Runner_Test@47c81abf</td></tr>
<tr>
<td title='dsAlgoRunner.Runner_Test.runScenario()'><b>runScenario</b><br>Test class: dsAlgoRunner.Runner_Test<br>Test method: Runs Cucumber Scenarios<br>Parameters: "The user clicks the Topic links  from Tree DataStructure and runs the  valid python code", "F3 The signedin user selects the Tree datastructure module and access the page"</td>
<td></td>
<td>172</td>
<td>dsAlgoRunner.Runner_Test@47c81abf</td></tr>
<tr>
<td title='dsAlgoRunner.Runner_Test.runScenario()'><b>runScenario</b><br>Test class: dsAlgoRunner.Runner_Test<br>Test method: Runs Cucumber Scenarios<br>Parameters: "The user clicks the Array Practice topic links and runs the  python code", "P1 As a user I want to navigate to the Array Practice home page"</td>
<td></td>
<td>115</td>
<td>dsAlgoRunner.Runner_Test@47c81abf</td></tr>
<tr>
<td title='dsAlgoRunner.Runner_Test.runScenario()'><b>runScenario</b><br>Test class: dsAlgoRunner.Runner_Test<br>Test method: Runs Cucumber Scenarios<br>Parameters: "The user clicks the Array Practice topic links and runs the  invalid python code", "P1 As a user I want to navigate to the Array Practice home page"</td>
<td></td>
<td>113</td>
<td>dsAlgoRunner.Runner_Test@47c81abf</td></tr>
<tr>
<td title='dsAlgoRunner.Runner_Test.runScenario()'><b>runScenario</b><br>Test class: dsAlgoRunner.Runner_Test<br>Test method: Runs Cucumber Scenarios<br>Parameters: "The user clicks the Linked List topic links and runs the  invalid python code", "F2 As a user I want to navigate to the Linked List home page"</td>
<td></td>
<td>121</td>
<td>dsAlgoRunner.Runner_Test@47c81abf</td></tr>
<tr>
<td title='dsAlgoRunner.Runner_Test.runScenario()'><b>runScenario</b><br>Test class: dsAlgoRunner.Runner_Test<br>Test method: Runs Cucumber Scenarios<br>Parameters: "The user clicks the Topic links  from Tree DataStructure and runs the invalid python code", "F3 The signedin user selects the Tree datastructure module and access the page"</td>
<td></td>
<td>126</td>
<td>dsAlgoRunner.Runner_Test@47c81abf</td></tr>
<tr>
<td title='dsAlgoRunner.Runner_Test.runScenario()'><b>runScenario</b><br>Test class: dsAlgoRunner.Runner_Test<br>Test method: Runs Cucumber Scenarios<br>Parameters: "User is opening the DS_Algo website and navigates the Home Page", "As a User I am able to open the website and have access to the home page"</td>
<td></td>
<td>139</td>
<td>dsAlgoRunner.Runner_Test@47c81abf</td></tr>
<tr>
<td title='dsAlgoRunner.Runner_Test.runScenario()'><b>runScenario</b><br>Test class: dsAlgoRunner.Runner_Test<br>Test method: Runs Cucumber Scenarios<br>Parameters: "The user clicks the Topic links  from Tree DataStructure and runs the invalid python code", "F3 The signedin user selects the Tree datastructure module and access the page"</td>
<td></td>
<td>41</td>
<td>dsAlgoRunner.Runner_Test@47c81abf</td></tr>
<tr>
<td title='dsAlgoRunner.Runner_Test.runScenario()'><b>runScenario</b><br>Test class: dsAlgoRunner.Runner_Test<br>Test method: Runs Cucumber Scenarios<br>Parameters: "The user clicks the Queue topic links and runs the  invalid python code", "F3 As a Signedin User"</td>
<td></td>
<td>126</td>
<td>dsAlgoRunner.Runner_Test@47c81abf</td></tr>
<tr>
<td title='dsAlgoRunner.Runner_Test.runScenario()'><b>runScenario</b><br>Test class: dsAlgoRunner.Runner_Test<br>Test method: Runs Cucumber Scenarios<br>Parameters: "The user clicks the Linked List topic links and runs the  python code", "F2 As a user I want to navigate to the Linked List home page"</td>
<td></td>
<td>138</td>
<td>dsAlgoRunner.Runner_Test@47c81abf</td></tr>
<tr>
<td title='dsAlgoRunner.Runner_Test.runScenario()'><b>runScenario</b><br>Test class: dsAlgoRunner.Runner_Test<br>Test method: Runs Cucumber Scenarios<br>Parameters: "The user clicks the Array topic links and runs the  python code", "F1 As a user I want to navigate to the Array home page"</td>
<td></td>
<td>157</td>
<td>dsAlgoRunner.Runner_Test@47c81abf</td></tr>
<tr>
<td title='dsAlgoRunner.Runner_Test.runScenario()'><b>runScenario</b><br>Test class: dsAlgoRunner.Runner_Test<br>Test method: Runs Cucumber Scenarios<br>Parameters: "The user clicks the Topic links  from Tree DataStructure and runs the  valid python code", "F3 The signedin user selects the Tree datastructure module and access the page"</td>
<td></td>
<td>124</td>
<td>dsAlgoRunner.Runner_Test@47c81abf</td></tr>
<tr>
<td title='dsAlgoRunner.Runner_Test.runScenario()'><b>runScenario</b><br>Test class: dsAlgoRunner.Runner_Test<br>Test method: Runs Cucumber Scenarios<br>Parameters: "The user clicks the Linked List topic links and runs the  python code", "F2 As a user I want to navigate to the Linked List home page"</td>
<td></td>
<td>134</td>
<td>dsAlgoRunner.Runner_Test@47c81abf</td></tr>
<tr>
<td title='dsAlgoRunner.Runner_Test.runScenario()'><b>runScenario</b><br>Test class: dsAlgoRunner.Runner_Test<br>Test method: Runs Cucumber Scenarios<br>Parameters: "The user clicks the Array topic links and runs the  invalid python code", "F1 As a user I want to navigate to the Array home page"</td>
<td></td>
<td>162</td>
<td>dsAlgoRunner.Runner_Test@47c81abf</td></tr>
<tr>
<td title='dsAlgoRunner.Runner_Test.runScenario()'><b>runScenario</b><br>Test class: dsAlgoRunner.Runner_Test<br>Test method: Runs Cucumber Scenarios<br>Parameters: "The user clicks the Queue topic links and runs the  invalid python code", "F3 As a Signedin User"</td>
<td></td>
<td>127</td>
<td>dsAlgoRunner.Runner_Test@47c81abf</td></tr>
<tr>
<td title='dsAlgoRunner.Runner_Test.runScenario()'><b>runScenario</b><br>Test class: dsAlgoRunner.Runner_Test<br>Test method: Runs Cucumber Scenarios<br>Parameters: "Registration page validation", "F2 User creates new account in the registration page"</td>
<td></td>
<td>121</td>
<td>dsAlgoRunner.Runner_Test@47c81abf</td></tr>
<tr>
<td title='dsAlgoRunner.Runner_Test.runScenario()'><b>runScenario</b><br>Test class: dsAlgoRunner.Runner_Test<br>Test method: Runs Cucumber Scenarios<br>Parameters: "The user clicks the Stack topic links and runs the  invalid python code", "F3 The signedin user selects the  stack datastructure module and runs the python code"</td>
<td></td>
<td>127</td>
<td>dsAlgoRunner.Runner_Test@47c81abf</td></tr>
<tr>
<td title='dsAlgoRunner.Runner_Test.runScenario()'><b>runScenario</b><br>Test class: dsAlgoRunner.Runner_Test<br>Test method: Runs Cucumber Scenarios<br>Parameters: "The user clicks the Topic links  from Tree DataStructure and runs the invalid python code", "F3 The signedin user selects the Tree datastructure module and access the page"</td>
<td></td>
<td>163</td>
<td>dsAlgoRunner.Runner_Test@47c81abf</td></tr>
<tr>
<td title='dsAlgoRunner.Runner_Test.runScenario()'><b>runScenario</b><br>Test class: dsAlgoRunner.Runner_Test<br>Test method: Runs Cucumber Scenarios<br>Parameters: "The user clicks the Graph topic links and runs the  python code", "F6 As a user I want to navigate to the Graph home page"</td>
<td></td>
<td>121</td>
<td>dsAlgoRunner.Runner_Test@47c81abf</td></tr>
<tr>
<td title='dsAlgoRunner.Runner_Test.runScenario()'><b>runScenario</b><br>Test class: dsAlgoRunner.Runner_Test<br>Test method: Runs Cucumber Scenarios<br>Parameters: "The user clicks the Queue topic links and runs the  invalid python code", "F3 As a Signedin User"</td>
<td></td>
<td>123</td>
<td>dsAlgoRunner.Runner_Test@47c81abf</td></tr>
<tr>
<td title='dsAlgoRunner.Runner_Test.runScenario()'><b>runScenario</b><br>Test class: dsAlgoRunner.Runner_Test<br>Test method: Runs Cucumber Scenarios<br>Parameters: "The user clicks the Array Practice topic links and runs the  python code", "P1 As a user I want to navigate to the Array Practice home page"</td>
<td></td>
<td>113</td>
<td>dsAlgoRunner.Runner_Test@47c81abf</td></tr>
<tr>
<td title='dsAlgoRunner.Runner_Test.runScenario()'><b>runScenario</b><br>Test class: dsAlgoRunner.Runner_Test<br>Test method: Runs Cucumber Scenarios<br>Parameters: "The user clicks the Array topic links and runs the  invalid python code", "F1 As a user I want to navigate to the Array home page"</td>
<td></td>
<td>147</td>
<td>dsAlgoRunner.Runner_Test@47c81abf</td></tr>
<tr>
<td title='dsAlgoRunner.Runner_Test.runScenario()'><b>runScenario</b><br>Test class: dsAlgoRunner.Runner_Test<br>Test method: Runs Cucumber Scenarios<br>Parameters: "The user clicks the Linked List topic links and runs the  invalid python code", "F2 As a user I want to navigate to the Linked List home page"</td>
<td></td>
<td>129</td>
<td>dsAlgoRunner.Runner_Test@47c81abf</td></tr>
<tr>
<td title='dsAlgoRunner.Runner_Test.runScenario()'><b>runScenario</b><br>Test class: dsAlgoRunner.Runner_Test<br>Test method: Runs Cucumber Scenarios<br>Parameters: "The user clicks the Graph topic links and runs the  invalid python code", "F6 As a user I want to navigate to the Graph home page"</td>
<td></td>
<td>147</td>
<td>dsAlgoRunner.Runner_Test@47c81abf</td></tr>
<tr>
<td title='dsAlgoRunner.Runner_Test.runScenario()'><b>runScenario</b><br>Test class: dsAlgoRunner.Runner_Test<br>Test method: Runs Cucumber Scenarios<br>Parameters: "The user clicks the Stack topic links and runs the  python code", "F3 The signedin user selects the  stack datastructure module and runs the python code"</td>
<td></td>
<td>125</td>
<td>dsAlgoRunner.Runner_Test@47c81abf</td></tr>
<tr>
<td title='dsAlgoRunner.Runner_Test.runScenario()'><b>runScenario</b><br>Test class: dsAlgoRunner.Runner_Test<br>Test method: Runs Cucumber Scenarios<br>Parameters: "The user clicks the Stack topic links and runs the  invalid python code", "F3 The signedin user selects the  stack datastructure module and runs the python code"</td>
<td></td>
<td>124</td>
<td>dsAlgoRunner.Runner_Test@47c81abf</td></tr>
<tr>
<td title='dsAlgoRunner.Runner_Test.runScenario()'><b>runScenario</b><br>Test class: dsAlgoRunner.Runner_Test<br>Test method: Runs Cucumber Scenarios<br>Parameters: "The user clicks the Topic links  from Tree DataStructure and runs the  valid python code", "F3 The signedin user selects the Tree datastructure module and access the page"</td>
<td></td>
<td>142</td>
<td>dsAlgoRunner.Runner_Test@47c81abf</td></tr>
<tr>
<td title='dsAlgoRunner.Runner_Test.runScenario()'><b>runScenario</b><br>Test class: dsAlgoRunner.Runner_Test<br>Test method: Runs Cucumber Scenarios<br>Parameters: "The user clicks the Topic links  from Tree DataStructure and runs the  valid python code", "F3 The signedin user selects the Tree datastructure module and access the page"</td>
<td></td>
<td>156</td>
<td>dsAlgoRunner.Runner_Test@47c81abf</td></tr>
<tr>
<td title='dsAlgoRunner.Runner_Test.runScenario()'><b>runScenario</b><br>Test class: dsAlgoRunner.Runner_Test<br>Test method: Runs Cucumber Scenarios<br>Parameters: "The user clicks the Linked List topic links and runs the  python code", "F2 As a user I want to navigate to the Linked List home page"</td>
<td></td>
<td>133</td>
<td>dsAlgoRunner.Runner_Test@47c81abf</td></tr>
<tr>
<td title='dsAlgoRunner.Runner_Test.runScenario()'><b>runScenario</b><br>Test class: dsAlgoRunner.Runner_Test<br>Test method: Runs Cucumber Scenarios<br>Parameters: "The user clicks the Stack topic links and runs the  python code", "F3 The signedin user selects the  stack datastructure module and runs the python code"</td>
<td></td>
<td>147</td>
<td>dsAlgoRunner.Runner_Test@47c81abf</td></tr>
<tr>
<td title='dsAlgoRunner.Runner_Test.runScenario()'><b>runScenario</b><br>Test class: dsAlgoRunner.Runner_Test<br>Test method: Runs Cucumber Scenarios<br>Parameters: "The user clicks the Topic links  from Tree DataStructure and runs the  valid python code", "F3 The signedin user selects the Tree datastructure module and access the page"</td>
<td></td>
<td>158</td>
<td>dsAlgoRunner.Runner_Test@47c81abf</td></tr>
</table><p>
</body>
</html>