{"uuid":"ecb675da-f8a2-4abf-98a6-9b57652af17b","historyId":"155afbf0d44aec46131cb51dd8638457","fullName":"io.cucumber.testng.AbstractTestNGCucumberTests.runScenario","labels":[{"name":"package","value":"dsAlgoRunner.Runner_Test"},{"name":"testClass","value":"dsAlgoRunner.Runner_Test"},{"name":"testMethod","value":"runScenario"},{"name":"parentSuite","value":"Default suite"},{"name":"suite","value":"Default test"},{"name":"subSuite","value":"dsAlgoRunner.Runner_Test"},{"name":"host","value":"WINDOWS-I321LLC"},{"name":"thread","value":"14084@WINDOWS-I321LLC.TestNG-PoolService-3(27)"},{"name":"framework","value":"testng"},{"name":"language","value":"java"}],"links":[],"name":"Runs Cucumber Scenarios","status":"broken","statusDetails":{"known":false,"muted":false,"flaky":false,"message":"org.apache.xmlbeans.XmlException: error: Premature end of file.","trace":"org.apache.poi.ooxml.POIXMLException: org.apache.xmlbeans.XmlException: error: Premature end of file.\r\n\tat org.apache.poi.xssf.usermodel.XSSFWorkbook.onDocumentRead(XSSFWorkbook.java:449)\r\n\tat org.apache.poi.ooxml.POIXMLDocument.load(POIXMLDocument.java:169)\r\n\tat org.apache.poi.xssf.usermodel.XSSFWorkbook.<init>(XSSFWorkbook.java:260)\r\n\tat org.apache.poi.xssf.usermodel.XSSFWorkbook.<init>(XSSFWorkbook.java:290)\r\n\tat org.apache.poi.xssf.usermodel.XSSFWorkbook.<init>(XSSFWorkbook.java:286)\r\n\tat dsutilities.TestDataReadingWriting.getWorkBook(TestDataReadingWriting.java:45)\r\n\tat dsutilities.TestDataReadingWriting.getSheetByName(TestDataReadingWriting.java:34)\r\n\tat dsutilities.TestDataReadingWriting.getData(TestDataReadingWriting.java:23)\r\n\tat dsalgo_stepdefinition.DSStackStepDefinition.the_user_clicks_on_run_button_after_providing_the_python_code_from_given_sheetname_and_rowno(DSStackStepDefinition.java:111)\r\n\tat âœ½.the user clicks on run button after providing the python code from given sheetname \"PythonCode\" and rowno 0(file:///C:/Users/gayathri/eclipse-workspace/DSAlgoProject/src/test/resources/Features/Stack.feature:19)\r\nCaused by: org.apache.xmlbeans.XmlException: error: Premature end of file.\r\n\tat org.apache.xmlbeans.impl.store.Locale$SaxLoader.load(Locale.java:2553)\r\n\tat org.apache.xmlbeans.impl.store.Locale.lambda$parseToXmlObject$3(Locale.java:717)\r\n\tat org.apache.xmlbeans.impl.store.Locale.syncWrap(Locale.java:490)\r\n\tat org.apache.xmlbeans.impl.store.Locale.parseToXmlObject(Locale.java:716)\r\n\tat org.apache.xmlbeans.impl.schema.SchemaTypeLoaderBase.parse(SchemaTypeLoaderBase.java:233)\r\n\tat org.apache.xmlbeans.impl.schema.AbstractDocumentFactory.parse(AbstractDocumentFactory.java:71)\r\n\tat org.apache.poi.xssf.usermodel.XSSFWorkbook.onDocumentRead(XSSFWorkbook.java:372)\r\n\tat org.apache.poi.ooxml.POIXMLDocument.load(POIXMLDocument.java:169)\r\n\tat org.apache.poi.xssf.usermodel.XSSFWorkbook.<init>(XSSFWorkbook.java:260)\r\n\tat org.apache.poi.xssf.usermodel.XSSFWorkbook.<init>(XSSFWorkbook.java:290)\r\n\tat org.apache.poi.xssf.usermodel.XSSFWorkbook.<init>(XSSFWorkbook.java:286)\r\n\tat dsutilities.TestDataReadingWriting.getWorkBook(TestDataReadingWriting.java:45)\r\n\tat dsutilities.TestDataReadingWriting.getSheetByName(TestDataReadingWriting.java:34)\r\n\tat dsutilities.TestDataReadingWriting.getData(TestDataReadingWriting.java:23)\r\n\tat dsalgo_stepdefinition.DSStackStepDefinition.the_user_clicks_on_run_button_after_providing_the_python_code_from_given_sheetname_and_rowno(DSStackStepDefinition.java:111)\r\n\tat java.base/jdk.internal.reflect.DirectMethodHandleAccessor.invoke(DirectMethodHandleAccessor.java:103)\r\n\tat java.base/java.lang.reflect.Method.invoke(Method.java:580)\r\n\tat io.cucumber.java.Invoker.doInvoke(Invoker.java:66)\r\n\tat io.cucumber.java.Invoker.invoke(Invoker.java:24)\r\n\tat io.cucumber.java.AbstractGlueDefinition.invokeMethod(AbstractGlueDefinition.java:47)\r\n\tat io.cucumber.java.JavaStepDefinition.execute(JavaStepDefinition.java:29)\r\n\tat io.cucumber.core.runner.CoreStepDefinition.execute(CoreStepDefinition.java:66)\r\n\tat io.cucumber.core.runner.PickleStepDefinitionMatch.runStep(PickleStepDefinitionMatch.java:63)\r\n\tat io.cucumber.core.runner.ExecutionMode$1.execute(ExecutionMode.java:10)\r\n\tat io.cucumber.core.runner.TestStep.executeStep(TestStep.java:81)\r\n\tat io.cucumber.core.runner.TestStep.run(TestStep.java:53)\r\n\tat io.cucumber.core.runner.PickleStepTestStep.run(PickleStepTestStep.java:51)\r\n\tat io.cucumber.core.runner.TestCase.run(TestCase.java:84)\r\n\tat io.cucumber.core.runner.Runner.runPickle(Runner.java:75)\r\n\tat io.cucumber.testng.TestNGCucumberRunner.lambda$runScenario$1(TestNGCucumberRunner.java:132)\r\n\tat io.cucumber.core.runtime.CucumberExecutionContext.lambda$runTestCase$5(CucumberExecutionContext.java:136)\r\n\tat io.cucumber.core.runtime.RethrowingThrowableCollector.executeAndThrow(RethrowingThrowableCollector.java:23)\r\n\tat io.cucumber.core.runtime.CucumberExecutionContext.runTestCase(CucumberExecutionContext.java:136)\r\n\tat io.cucumber.testng.TestNGCucumberRunner.runScenario(TestNGCucumberRunner.java:129)\r\n\tat io.cucumber.testng.AbstractTestNGCucumberTests.runScenario(AbstractTestNGCucumberTests.java:35)\r\n\tat java.base/jdk.internal.reflect.DirectMethodHandleAccessor.invoke(DirectMethodHandleAccessor.java:103)\r\n\tat java.base/java.lang.reflect.Method.invoke(Method.java:580)\r\n\tat org.testng.internal.invokers.MethodInvocationHelper.invokeMethod(MethodInvocationHelper.java:139)\r\n\tat org.testng.internal.invokers.TestInvoker.invokeMethod(TestInvoker.java:664)\r\n\tat org.testng.internal.invokers.TestInvoker.invokeTestMethod(TestInvoker.java:228)\r\n\tat org.testng.internal.invokers.TestMethodWithDataProviderMethodWorker.call(TestMethodWithDataProviderMethodWorker.java:80)\r\n\tat java.base/java.util.concurrent.CompletableFuture$AsyncSupply.run(CompletableFuture.java:1768)\r\n\tat java.base/java.util.concurrent.ThreadPoolExecutor.runWorker(ThreadPoolExecutor.java:1144)\r\n\tat java.base/java.util.concurrent.ThreadPoolExecutor$Worker.run(ThreadPoolExecutor.java:642)\r\n\tat java.base/java.lang.Thread.run(Thread.java:1583)\r\nCaused by: org.xml.sax.SAXParseException; systemId: file://; lineNumber: 1; columnNumber: 1; Premature end of file.\r\n\tat java.xml/com.sun.org.apache.xerces.internal.util.ErrorHandlerWrapper.createSAXParseException(ErrorHandlerWrapper.java:204)\r\n\tat java.xml/com.sun.org.apache.xerces.internal.util.ErrorHandlerWrapper.fatalError(ErrorHandlerWrapper.java:178)\r\n\tat java.xml/com.sun.org.apache.xerces.internal.impl.XMLErrorReporter.reportError(XMLErrorReporter.java:400)\r\n\tat java.xml/com.sun.org.apache.xerces.internal.impl.XMLErrorReporter.reportError(XMLErrorReporter.java:327)\r\n\tat java.xml/com.sun.org.apache.xerces.internal.impl.XMLScanner.reportFatalError(XMLScanner.java:1465)\r\n\tat java.xml/com.sun.org.apache.xerces.internal.impl.XMLDocumentScannerImpl$PrologDriver.next(XMLDocumentScannerImpl.java:1013)\r\n\tat java.xml/com.sun.org.apache.xerces.internal.impl.XMLDocumentScannerImpl.next(XMLDocumentScannerImpl.java:605)\r\n\tat java.xml/com.sun.org.apache.xerces.internal.impl.XMLNSDocumentScannerImpl.next(XMLNSDocumentScannerImpl.java:114)\r\n\tat java.xml/com.sun.org.apache.xerces.internal.impl.XMLDocumentFragmentScannerImpl.scanDocument(XMLDocumentFragmentScannerImpl.java:542)\r\n\tat java.xml/com.sun.org.apache.xerces.internal.parsers.XML11Configuration.parse(XML11Configuration.java:889)\r\n\tat java.xml/com.sun.org.apache.xerces.internal.parsers.XML11Configuration.parse(XML11Configuration.java:825)\r\n\tat java.xml/com.sun.org.apache.xerces.internal.parsers.XMLParser.parse(XMLParser.java:141)\r\n\tat java.xml/com.sun.org.apache.xerces.internal.parsers.AbstractSAXParser.parse(AbstractSAXParser.java:1224)\r\n\tat java.xml/com.sun.org.apache.xerces.internal.jaxp.SAXParserImpl$JAXPSAXParser.parse(SAXParserImpl.java:637)\r\n\tat org.apache.xmlbeans.impl.store.Locale$SaxLoader.load(Locale.java:2532)\r\n\t... 44 more\r\n"},"stage":"finished","steps":[],"attachments":[],"parameters":[{"name":"arg1","value":"\"F3 The signedin user selects the  stack datastructure module and runs the python code\""},{"name":"arg0","value":"\"The user clicks the Topic links and runs the python code\""}],"start":1714593415507,"stop":1714593461772}